(   '1 / 99',
    'http://thesmartlocal.com/read/free-things-to-do',
    {   'images': {   'total': 85, 'with alt': 84},
        'youtube': [   (   u'https://www.youtube.com/watch?v=esYIKo0Aoaw?wmode=transparent',
                           {   'likes': {   'downs': 3, 'ups': 51},
                               'views': 205796})]})
(   '2 / 99',
    'https://www.cheapflights.com.sg/news/50-cheap-things-to-do-with-your-best-friend-in-singapore/',
    {   'images': {   'total': 12, 'with alt': 12}, 'youtube': []})
(   '3 / 99',
    'http://thehoneycombers.com/singapore/things-to-do-in-singapore/',
    {   'images': {   'total': 47, 'with alt': 46}, 'youtube': []})
(   '4 / 99',
    'http://www.businessinsider.sg/the-best-things-to-do-in-singapore-2015-9/',
    {   'images': {   'total': 32, 'with alt': 7}, 'youtube': []})
(   '5 / 99',
    'http://www.expatliving.sg/kids/growing_up/10-fun-things-for-teenagers-to-do-in-Singapore-6299.ece',
    {   'images': {   'total': 85, 'with alt': 84}, 'youtube': []})
(   '6 / 99',
    'https://www.tripzilla.com/outing-ideas-singapore-under-sgd20/23400',
    {   'images': {   'total': 72, 'with alt': 37},
        'youtube': [   (   u'https://www.youtube.com/watch?v=hwk6WuqmXQA',
                           {   'likes': {   'downs': 1, 'ups': 7}, 'views': 5878})]})
(   '7 / 99',
    'http://woodlandstoyishun.sg/53-free-interesting-places-you-can-go-in-singapore/',
    {   'images': {   'total': 80, 'with alt': 80}, 'youtube': []})
(   '8 / 99',
    'https://www.burpple.com/guides/sg',
    {   'images': {   'total': 237, 'with alt': 237}, 'youtube': []})
(   '9 / 99',
    'http://soakinsingapore.com/category/toursg/',
    {   'images': {   'total': 19, 'with alt': 19}, 'youtube': []})
(   '10 / 99',
    'http://mustgoinsingapore.tumblr.com/post/149881456291/selfie-coffee-singapore-interesting-place-to-go',
    {   'images': {   'total': 15, 'with alt': 9},
        'youtube': [   (   u'https://www.youtube.com/watch?v=23XFcBjmI2w?feature=oembed&enablejsapi=1&origin=https://safe.txmblr.com&wmode=opaque',
                           {   'likes': {   'downs': 1, 'ups': 399},
                               'views': 15469}),
                       (   u'https://www.youtube.com/watch?v=hPfyG0x2DBI',
                           {   'likes': {   'downs': 0, 'ups': 1}, 'views': 1933})]})
(   '11 / 99',
    'http://www.hungrygowhere.com/singapore/batter_fluffy_flaps/',
    {   'images': {   'total': 39, 'with alt': 29}, 'youtube': []})
(   '12 / 99',
    'https://www.facebook.com/bestfriesforever/',
    {   'images': {   'total': 77, 'with alt': 77}, 'youtube': []})
(   '13 / 99',
    'http://www.harpersbazaar.com.sg/24347/spa-awards-2016-best-spa-experiences/',
    {   'images': {   'total': 20, 'with alt': 16}, 'youtube': []})
(   '14 / 99',
    'http://www.imandystorm.com/2012/04/universal-studios-with-bffs.html',
    {   'images': {   'total': 32, 'with alt': 16},
        'youtube': [   (   u'http://www.youtube.com/watch?v=M3dR9fjbjOU',
                           {   'likes': {   'downs': 0, 'ups': 3}, 'views': 2180})]})
(   '15 / 99',
    'https://www.tripadvisor.com.sg/ShowUserReviews-g294265-d2389880-r336540689-Toby_s_Estate-Singapore.html',
    {   'images': {   'total': 113, 'with alt': 90}, 'youtube': []})
(   '16 / 99',
    'http://www.herworldplus.com/lifestyle/travel/why-most-singapore-women-wont-travel-their-bffs',
    {   'images': {   'total': 55, 'with alt': 6}, 'youtube': []})
(   '17 / 99',
    'http://bongqiuqiu.blogspot.com/2012/10/bugis-street-bff-contest.html',
    {   'images': {   'total': 153, 'with alt': 55}, 'youtube': []})
(   '18 / 99',
    'http://www.mariefranceasia.com/travel/now-or-never/destinations/girlfriend-getaways-weekend-spa-destinations-bff-133637.html',
    {   'images': {   'total': 71, 'with alt': 70}, 'youtube': []})
(   '19 / 99',
    'https://www.breastfeedingfriends.sg/news/',
    {   'images': {   'total': 23, 'with alt': 23}, 'youtube': []})
(   '20 / 99',
    'http://www.agapebabies.com/agapebabies/jujube-tokidoki-b-f-f-diaper-bag-space-place.html',
    {   'images': {   'total': 44, 'with alt': 46}, 'youtube': []})
(   '21 / 99',
    'https://www.foodpanda.sg/restaurant/s2gf/4fingers-crispy-chicken',
    {   'images': {   'total': 51, 'with alt': 50}, 'youtube': []})
(   '22 / 99',
    'http://www.sassysingapore.com/5-best-hotels-in-singapore-for-year-end-staycations/',
    {   'images': {   'total': 30, 'with alt': 30}, 'youtube': []})
(   '23 / 99',
    'http://www.ninjagirls.sg/2016/08/tokyo-holiday-with-bff-tsubaki-visited.html',
    {   'images': {   'total': 0, 'with alt': 0}, 'youtube': []})
('24 / 99', 'http://bintan-resorts.com/visitors/discover-bintan/', HTTPError())
(   '25 / 99',
    'http://www.hey.ntu.edu.sg/issue23/features_06_s2.html',
    {   'images': {   'total': 30, 'with alt': 4}, 'youtube': []})
(   '26 / 99',
    'http://www.uncletehpeng.com/2013/08/my-experience-at-batter-fluffy-flaps.html',
    {   'images': {   'total': 33, 'with alt': 14}, 'youtube': []})
(   '27 / 99',
    'http://www.travelandleisureasia.com/toplists/2343417/25_inspired_weekend_getaways_in_asia.html',
    {   'images': {   'total': 37, 'with alt': 36}, 'youtube': []})
(   '28 / 99',
    'http://www.cleo.com.sg/life/you/5-times-you-think-your-bff-your-worst-enemy/',
    {   'images': {   'total': 41, 'with alt': 37}, 'youtube': []})
(   '29 / 99',
    'https://glints.sg/hired/across-achingly-beautiful-singapore-1000/',
    {   'images': {   'total': 17, 'with alt': 17}, 'youtube': []})
(   '30 / 99',
    'http://news.asiaone.com/news/showbiz/former-bffs-desmond-tan-and-rebecca-lim-reunite-screen-lovers',
    {   'images': {   'total': 113, 'with alt': 58}, 'youtube': []})
(   '31 / 99',
    'http://www.sp.edu.sg/',
    {   'images': {   'total': 28, 'with alt': 22}, 'youtube': []})
(   '32 / 99',
    'http://www.pupsikstudio.com/shop-by-brands/ju-ju-be',
    {   'images': {   'total': 88, 'with alt': 87}, 'youtube': []})
(   '33 / 99',
    'http://www.rucksackinn.com/truly-singapore/',
    {   'images': {   'total': 12, 'with alt': 9}, 'youtube': []})
(   '34 / 99',
    'https://theamazingmingfreakrs.wordpress.com/2013/07/20/mini-blog-update-bff-zakka-store/',
    BadStatusLine("''",))
(   '35 / 99',
    'http://www.ladyironchef.com/2012/04/top-5-most-popular-posts/',
    {   'images': {   'total': 8, 'with alt': 8}, 'youtube': []})
(   '36 / 99',
    'http://www.tnp.sg/m/makan/taylor-swift-you-should-try-these-singapore-food-places',
    {   'images': {   'total': 10, 'with alt': 9}, 'youtube': []})
('37 / 99', 'http://www.straitstimes.com/singapore/style-pals', HTTPError())
(   '38 / 99',
    'http://santagrand.sg/promotions/',
    {   'images': {   'total': 19, 'with alt': 19}, 'youtube': []})
(   '39 / 99',
    'http://www.madpsychmum.com/2015/07/a-staycation-of-birthdays-graduations.html',
    {   'images': {   'total': 81, 'with alt': 39}, 'youtube': []})
(   '40 / 99',
    'https://sg.kidlander.com/highlights/places-to-get-your-pancake-fix/',
    {   'images': {   'total': 25, 'with alt': 11}, 'youtube': []})
(   '41 / 99',
    'https://alvinology.com/2015/04/22/the-top-bloggers-and-blog-sites-in-singapore/',
    {   'images': {   'total': 122, 'with alt': 137}, 'youtube': []})
(   '42 / 99',
    'http://www.expedia.com.sg/vc/cheap-flights/to-nebraska-usa/',
    {   'images': {   'total': 1, 'with alt': 1}, 'youtube': []})
(   '43 / 99',
    'http://www.newschannel.sg/5-fun-and-exciting-things-to-do-with-your-bff/',
    {   'images': {   'total': 5, 'with alt': 5}, 'youtube': []})
(   '44 / 99',
    'http://www.seriouslysarah.com/blog/2012/04/16/the-nike-bff-5k-run-singapore/',
    {   'images': {   'total': 23, 'with alt': 23},
        'youtube': [   (   u'http://www.youtube.com/watch?v=UDj2rwZ8W0o?rel=0',
                           IndexError('list index out of range',)),
                       (   u'http://www.youtube.com/watch?v=y18s7sd6Hxo?rel=0',
                           IndexError('list index out of range',))]})
(   '45 / 99',
    'http://goodyfeed.com/heres-the-reason-why-your-bffs-are-always-from-your-secondary-school/',
    {   'images': {   'total': 22, 'with alt': 16},
        'youtube': [   (   u'https://www.youtube.com/watch?v=jot03N27bnE?list=PLoa9nNa48ZVUa6eY4DnLFkYQGyN-nEMVr&showinfo=0',
                           {   'likes': {   'downs': 1, 'ups': 14},
                               'views': 4438}),
                       (   u'https://www.youtube.com/watch?v=o3Urx_QxXlY?list=PLoa9nNa48ZVUDh36LeMokTLCmvn4M8BP9&showinfo=0',
                           {   'likes': {   'downs': 4, 'ups': 31},
                               'views': 7440})]})
(   '46 / 99',
    'http://www.womensweekly.com.sg/health/how-your-bffs-can-help-you-lose-weight/',
    {   'images': {   'total': 16, 'with alt': 15}, 'youtube': []})
(   '47 / 99',
    'http://www.pinkypiggu.com/2015/01/comcrop-scape-singapores-first-rooftop.html',
    {   'images': {   'total': 21, 'with alt': 2}, 'youtube': []})
(   '48 / 99',
    'https://sg.theasianparent.com/insta-worthy-places-singapore/',
    {   'images': {   'total': 141, 'with alt': 105},
        'youtube': [   (   u'https://www.youtube.com/watch?v=501sZr0UxHE',
                           {   'likes': {   'downs': 0, 'ups': 4}, 'views': 1013}),
                       (   u'https://www.youtube.com/watch?v=U853i9ptcbk',
                           {   'likes': {   'downs': 1, 'ups': 5}, 'views': 2218}),
                       (   u'http://www.youtube.com/watch?v=mLEx_hYB-MI',
                           {   'likes': {   'downs': 3, 'ups': 53},
                               'views': 4843})]})
(   '49 / 99',
    'https://en.wikipedia.org/wiki/Star_Awards_2016',
    {   'images': {   'total': 3, 'with alt': 3}, 'youtube': []})
(   '50 / 99',
    'http://www.lazada.sg/shop-babies-diaper-bags/',
    {   'images': {   'total': 188, 'with alt': 35}, 'youtube': []})
(   '51 / 99',
    'https://www.nlb.gov.sg/Browse/SingaporeBooksforChildrenandTeens/UpperSecondaryStudents(Secondary3-5).aspx',
    {   'images': {   'total': 38, 'with alt': 38}, 'youtube': []})
(   '52 / 99',
    'http://www.aware.org.sg/2016/01/non-profit-social-campaign-breastfeedingfriends-changing-social-stigma/',
    {   'images': {   'total': 7, 'with alt': 5}, 'youtube': []})
(   '53 / 99',
    'https://www.meetup.com/cities/sg/singapore/',
    {   'images': {   'total': 2, 'with alt': 2}, 'youtube': []})
(   '54 / 99',
    'https://www.youth.sg/Peek-Show/2016/3/The-four-types-of-politicians-we-saw-at-the-Singapore-Budget-2016',
    {   'images': {   'total': 16, 'with alt': 13}, 'youtube': []})
(   '55 / 99',
    'http://honeybrides.com/hen-nights-in-singapore-cool-and-unique-ideas-for-every-bride-to-bes-bachelorette-party/',
    {   'images': {   'total': 48, 'with alt': 46}, 'youtube': []})
(   '56 / 99',
    'https://www.shopback.sg/blog/post/5-great-things-about-having-bffs',
    {   'images': {   'total': 21, 'with alt': 9}, 'youtube': []})
(   '57 / 99',
    'http://www.asquare.com.sg/best-friends-forver-bff-photography-packages/',
    {   'images': {   'total': 13, 'with alt': 7}, 'youtube': []})
(   '58 / 99',
    'https://foursquare.com/v/bff-household/55facbfc498e25445d2c1a01',
    {   'images': {   'total': 24, 'with alt': 9}, 'youtube': []})
(   '59 / 99',
    'https://sg.news.yahoo.com/money-tips-ever-spending-bff-010935241.html',
    {   'images': {   'total': 3, 'with alt': 2}, 'youtube': []})
(   '60 / 99',
    'http://www.nadnut.com/',
    {   'images': {   'total': 82, 'with alt': 61}, 'youtube': []})
(   '61 / 99',
    u'https://books.google.com.sg/books?id=-bsVBQAAQBAJ&pg=PT118&lpg=PT118&dq=singapore+interesting+place+to+go+with+bffs&source=bl&ots=VIvBRZrDv1&sig=wSO3k2TEQcKJlH7C_S3qRSq3CoI&hl=en&sa=X&ved=0ahUKEwjt-ob_od_PAhUKQ48KHRkND_0Q6AEItQMwQQ',
    {   'images': {   'total': 10, 'with alt': 12}, 'youtube': []})
(   '62 / 99',
    'http://www.sph.com.sg/media_releases/2103',
    {   'images': {   'total': 6, 'with alt': 5}, 'youtube': []})
(   '63 / 99',
    'http://localbooks.sg/wp-content/uploads/pdf_previews/Letters_to_Aly_Surviving_My_BFFs_Suicide_by_Lee-Ann_sample.pdf',
    {   'images': {   'total': 0, 'with alt': 0}, 'youtube': []})
(   '64 / 99',
    'https://malcolmsunny.com/2014/06/30/treehouse-villas-changi-foodpanda-food-delivery/',
    BadStatusLine("''",))
(   '65 / 99',
    u'https://books.google.com.sg/books?id=eSnhBQAAQBAJ&pg=PA139&lpg=PA139&dq=singapore+interesting+place+to+go+with+bffs&source=bl&ots=YybTjvdASN&sig=2ZHJKKW8TuHbdtZxGq-jpPnmO4A&hl=en&sa=X&ved=0ahUKEwjt-ob_od_PAhUKQ48KHRkND_0Q6AEIygMwRQ',
    {   'images': {   'total': 0, 'with alt': 0}, 'youtube': []})
(   '66 / 99',
    'https://www.airbnb.com.sg/users/show/34083575',
    {   'images': {   'total': 0, 'with alt': 0}, 'youtube': []})
(   '67 / 99',
    'http://www.maternityexchange.sg/index.php?cPath=21_54',
    {   'images': {   'total': 0, 'with alt': 0}, 'youtube': []})
(   '68 / 99',
    'https://www.tripadvisor.com/ShowUserReviews-g294265-d2389880-r336540689-Toby_s_Estate-Singapore.html',
    {   'images': {   'total': 0, 'with alt': 0}, 'youtube': []})
(   '69 / 99',
    u'http://www.spca.org.sg/services.asp?cat=0&view=ALL',
    {   'images': {   'total': 0, 'with alt': 0}, 'youtube': []})
(   '70 / 99',
    'http://darrenbloggie.com/2016/04/08/getaway-bff-aloft-taipei-zhongshans-4-1-bff-getaway-room-package/',
    {   'images': {   'total': 0, 'with alt': 0}, 'youtube': []})
(   '71 / 99',
    'http://sgcomplainqueen.blogspot.com/2013/09/my-bangkok-trip-part-1-visiting-unusual.html',
    {   'images': {   'total': 821, 'with alt': 199},
        'youtube': [   (   u'http://www.youtube.com/watch?v=oGSObOOxxkU',
                           {   'likes': {   'downs': 0, 'ups': 26},
                               'views': 19823}),
                       (   u'http://www.youtube.com/watch?v=5p747JvvMko',
                           {   'likes': {   'downs': 0, 'ups': 6}, 'views': 4922}),
                       (   u'http://www.youtube.com/watch?v=GvVgBSMrrGc',
                           {   'likes': {   'downs': 1, 'ups': 32},
                               'views': 4452}),
                       (   u'http://www.youtube.com/watch?v=ENRVl9mas6g',
                           {   'likes': {   'downs': 1, 'ups': 27},
                               'views': 11018})]})
('72 / 99', 'http://www.vivocity.com.sg/post?id=20', HTTPError())
(   '73 / 99',
    'http://www.camouflage-kids.com/products/my-aunt-is-my-bff-romper-red',
    {   'images': {   'total': 26, 'with alt': 11}, 'youtube': []})
(   '74 / 99',
    'https://www.tripadvisor.co.uk/ShowUserReviews-g294265-d301581-r394923717-Fairmont_Singapore-Singapore.html',
    {   'images': {   'total': 143, 'with alt': 114}, 'youtube': []})
(   '75 / 99',
    'https://www.techinasia.com/mate-ai-india-startup',
    {   'images': {   'total': 0, 'with alt': 0}, 'youtube': []})
(   '76 / 99',
    'http://www.businesstimes.com.sg/lifestyle/arts-entertainment/cycling-into-the-hearts-of-singapore',
    {   'images': {   'total': 14, 'with alt': 1}, 'youtube': []})
(   '77 / 99',
    'http://teenage.com.sg/happenings/taylor-swift-the-1989-world-tour-in-singapore/',
    {   'images': {   'total': 15, 'with alt': 14}, 'youtube': []})
(   '78 / 99',
    'https://www.spreadshirt.com/best+friends+t-shirts',
    {   'images': {   'total': 48, 'with alt': 47}, 'youtube': []})
(   '79 / 99',
    'https://irene-travelogue.com/2011/11/17/best-friends-forever-phuket-day-1/',
    BadStatusLine("''",))
(   '80 / 99',
    'http://www.bemytravelmuse.com/the-10-best-places-in-southeast-asia-for-solo-travelers/',
    {   'images': {   'total': 76, 'with alt': 75}, 'youtube': []})
(   '81 / 99',
    'http://www.starhub.com/personal/articles/app-app-is-the-bff-of-every-school-kid.html',
    {   'images': {   'total': 30, 'with alt': 8}, 'youtube': []})
('82 / 99', 'http://curlytraveller.com/travel/singapore', HTTPError())
(   '83 / 99',
    'http://happiebb.com/blog/2014/08/21/if-you-ever-lose-your-passport-in-bangkok/',
    HTTPError())
(   '84 / 99',
    'http://www.bunbunmakeuptips.com/lifelong-dream-hairless-right-places-fulfilled-ginza-calla-hair-removal-specialist/',
    {   'images': {   'total': 50, 'with alt': 47}, 'youtube': []})
(   '85 / 99',
    'http://www.sens.com.sg/',
    {   'images': {   'total': 30, 'with alt': 30}, 'youtube': []})
(   '86 / 99',
    'http://www.havehalalwilltravel.com/blog/travel-the-world-at-these-4-international-halal-eateries-in-singapore/',
    {   'images': {   'total': 36, 'with alt': 35},
        'youtube': [   (   u'https://www.youtube.com/watch?v=X6pxQJZNPdo?rel=0',
                           {   'likes': {   'downs': 1, 'ups': 27},
                               'views': 3669}),
                       (   u'http://www.youtube.com/watch?v=4qsGTXLnmKs',
                           {   'likes': {   'downs': 151, 'ups': 8930},
                               'views': 1827724})]})
(   '87 / 99',
    'http://www.todayonline.com/lifestyle/why-singapore-still-uncomfortable-breastfeeding',
    {   'images': {   'total': 30, 'with alt': 16}, 'youtube': []})
(   '88 / 99',
    'http://elaine73.blogspot.com/2013/07/bff-bangkok-trip-day-1.html',
    {   'images': {   'total': 181, 'with alt': 30}, 'youtube': []})
(   '89 / 99',
    'http://www.channelnewsasia.com/news/specialreports/rememberingleekuanyew/lee-kuan-yew-meant-a-lot/1750372.html',
    {   'images': {   'total': 7, 'with alt': 3}, 'youtube': []})
(   '90 / 99',
    'http://www.pandora.net/en-sg/products/charms',
    {   'images': {   'total': 2, 'with alt': 1}, 'youtube': []})
(   '91 / 99',
    'http://www.babycarriersingapore.com/products/b-f-f-tokidoki-space-place',
    {   'images': {   'total': 9, 'with alt': 9},
        'youtube': [   (   u'https://www.youtube.com/watch?v=2LoFTP7pT5A',
                           {   'likes': {   'downs': 3, 'ups': 50},
                               'views': 128477}),
                       (   u'https://www.youtube.com/watch?v=2LoFTP7pT5A',
                           {   'likes': {   'downs': 3, 'ups': 50},
                               'views': 128477})]})
(   '92 / 99',
    'http://singaporeseen.stomp.com.sg/stomps-bff-contest/bff-contest-she-spent-a-year-looking-for-me-after',
    HTTPError())
(   '93 / 99',
    'https://www.quandoo.sg/place/shiraz-authentic-persian-cuisine-restaurant-10599',
    {   'images': {   'total': 15, 'with alt': 2}, 'youtube': []})
(   '94 / 99',
    'http://www.johortransport.com/my-visit-to-hello-kitty-land/',
    {   'images': {   'total': 10, 'with alt': 7}, 'youtube': []})
(   '95 / 99',
    'http://www.watsons.com.sg/Default-Preview-Brand/All-Brands/SILKYGIRL/c/SILKYGIRL',
    {   'images': {   'total': 24, 'with alt': 22}, 'youtube': []})
(   '96 / 99',
    'http://www.thefinder.com.sg/body-soul/spas-salons/5-great-spas-leave-your-worries-behind',
    {   'images': {   'total': 12, 'with alt': 12}, 'youtube': []})
(   '97 / 99',
    'http://yqtravelling.com/book-review-adventures-of-2-girls/',
    HTTPError())
(   '98 / 99',
    'http://www.changiairport.com/en/shop-and-dine/tips-and-stories.html',
    {   'images': {   'total': 26, 'with alt': 26}, 'youtube': []})
(   '99 / 99',
    'http://www.urbandoll.com.sg/my-22nd-birthday-celebration-part-1/',
    {   'images': {   'total': 86, 'with alt': 81}, 'youtube': []})
{   'http://bintan-resorts.com/visitors/discover-bintan/': HTTPError(),
    'http://bongqiuqiu.blogspot.com/2012/10/bugis-street-bff-contest.html': {   'images': {   'total': 153,
                                                                                              'with alt': 55},
                                                                                'youtube': [   ]},
    'http://curlytraveller.com/travel/singapore': HTTPError(),
    'http://darrenbloggie.com/2016/04/08/getaway-bff-aloft-taipei-zhongshans-4-1-bff-getaway-room-package/': {   'images': {   'total': 0,
                                                                                                                               'with alt': 0},
                                                                                                                 'youtube': [   ]},
    'http://elaine73.blogspot.com/2013/07/bff-bangkok-trip-day-1.html': {   'images': {   'total': 181,
                                                                                          'with alt': 30},
                                                                            'youtube': [   ]},
    'http://goodyfeed.com/heres-the-reason-why-your-bffs-are-always-from-your-secondary-school/': {   'images': {   'total': 22,
                                                                                                                    'with alt': 16},
                                                                                                      'youtube': [   (   u'https://www.youtube.com/watch?v=jot03N27bnE?list=PLoa9nNa48ZVUa6eY4DnLFkYQGyN-nEMVr&showinfo=0',
                                                                                                                         {   'likes': {   'downs': 1,
                                                                                                                                          'ups': 14},
                                                                                                                             'views': 4438}),
                                                                                                                     (   u'https://www.youtube.com/watch?v=o3Urx_QxXlY?list=PLoa9nNa48ZVUDh36LeMokTLCmvn4M8BP9&showinfo=0',
                                                                                                                         {   'likes': {   'downs': 4,
                                                                                                                                          'ups': 31},
                                                                                                                             'views': 7440})]},
    'http://happiebb.com/blog/2014/08/21/if-you-ever-lose-your-passport-in-bangkok/': HTTPError(),
    'http://honeybrides.com/hen-nights-in-singapore-cool-and-unique-ideas-for-every-bride-to-bes-bachelorette-party/': {   'images': {   'total': 48,
                                                                                                                                         'with alt': 46},
                                                                                                                           'youtube': [   ]},
    'http://localbooks.sg/wp-content/uploads/pdf_previews/Letters_to_Aly_Surviving_My_BFFs_Suicide_by_Lee-Ann_sample.pdf': {   'images': {   'total': 0,
                                                                                                                                             'with alt': 0},
                                                                                                                               'youtube': [   ]},
    'http://mustgoinsingapore.tumblr.com/post/149881456291/selfie-coffee-singapore-interesting-place-to-go': {   'images': {   'total': 15,
                                                                                                                               'with alt': 9},
                                                                                                                 'youtube': [   (   u'https://www.youtube.com/watch?v=23XFcBjmI2w?feature=oembed&enablejsapi=1&origin=https://safe.txmblr.com&wmode=opaque',
                                                                                                                                    {   'likes': {   'downs': 1,
                                                                                                                                                     'ups': 399},
                                                                                                                                        'views': 15469}),
                                                                                                                                (   u'https://www.youtube.com/watch?v=hPfyG0x2DBI',
                                                                                                                                    {   'likes': {   'downs': 0,
                                                                                                                                                     'ups': 1},
                                                                                                                                        'views': 1933})]},
    'http://news.asiaone.com/news/showbiz/former-bffs-desmond-tan-and-rebecca-lim-reunite-screen-lovers': {   'images': {   'total': 113,
                                                                                                                            'with alt': 58},
                                                                                                              'youtube': [   ]},
    'http://santagrand.sg/promotions/': {   'images': {   'total': 19,
                                                          'with alt': 19},
                                            'youtube': []},
    'http://sgcomplainqueen.blogspot.com/2013/09/my-bangkok-trip-part-1-visiting-unusual.html': {   'images': {   'total': 821,
                                                                                                                  'with alt': 199},
                                                                                                    'youtube': [   (   u'http://www.youtube.com/watch?v=oGSObOOxxkU',
                                                                                                                       {   'likes': {   'downs': 0,
                                                                                                                                        'ups': 26},
                                                                                                                           'views': 19823}),
                                                                                                                   (   u'http://www.youtube.com/watch?v=5p747JvvMko',
                                                                                                                       {   'likes': {   'downs': 0,
                                                                                                                                        'ups': 6},
                                                                                                                           'views': 4922}),
                                                                                                                   (   u'http://www.youtube.com/watch?v=GvVgBSMrrGc',
                                                                                                                       {   'likes': {   'downs': 1,
                                                                                                                                        'ups': 32},
                                                                                                                           'views': 4452}),
                                                                                                                   (   u'http://www.youtube.com/watch?v=ENRVl9mas6g',
                                                                                                                       {   'likes': {   'downs': 1,
                                                                                                                                        'ups': 27},
                                                                                                                           'views': 11018})]},
    'http://singaporeseen.stomp.com.sg/stomps-bff-contest/bff-contest-she-spent-a-year-looking-for-me-after': HTTPError(),
    'http://soakinsingapore.com/category/toursg/': {   'images': {   'total': 19,
                                                                     'with alt': 19},
                                                       'youtube': []},
    'http://teenage.com.sg/happenings/taylor-swift-the-1989-world-tour-in-singapore/': {   'images': {   'total': 15,
                                                                                                         'with alt': 14},
                                                                                           'youtube': [   ]},
    'http://thehoneycombers.com/singapore/things-to-do-in-singapore/': {   'images': {   'total': 47,
                                                                                         'with alt': 46},
                                                                           'youtube': [   ]},
    'http://thesmartlocal.com/read/free-things-to-do': {   'images': {   'total': 85,
                                                                         'with alt': 84},
                                                           'youtube': [   (   u'https://www.youtube.com/watch?v=esYIKo0Aoaw?wmode=transparent',
                                                                              {   'likes': {   'downs': 3,
                                                                                               'ups': 51},
                                                                                  'views': 205796})]},
    'http://woodlandstoyishun.sg/53-free-interesting-places-you-can-go-in-singapore/': {   'images': {   'total': 80,
                                                                                                         'with alt': 80},
                                                                                           'youtube': [   ]},
    'http://www.agapebabies.com/agapebabies/jujube-tokidoki-b-f-f-diaper-bag-space-place.html': {   'images': {   'total': 44,
                                                                                                                  'with alt': 46},
                                                                                                    'youtube': [   ]},
    'http://www.asquare.com.sg/best-friends-forver-bff-photography-packages/': {   'images': {   'total': 13,
                                                                                                 'with alt': 7},
                                                                                   'youtube': [   ]},
    'http://www.aware.org.sg/2016/01/non-profit-social-campaign-breastfeedingfriends-changing-social-stigma/': {   'images': {   'total': 7,
                                                                                                                                 'with alt': 5},
                                                                                                                   'youtube': [   ]},
    'http://www.babycarriersingapore.com/products/b-f-f-tokidoki-space-place': {   'images': {   'total': 9,
                                                                                                 'with alt': 9},
                                                                                   'youtube': [   (   u'https://www.youtube.com/watch?v=2LoFTP7pT5A',
                                                                                                      {   'likes': {   'downs': 3,
                                                                                                                       'ups': 50},
                                                                                                          'views': 128477}),
                                                                                                  (   u'https://www.youtube.com/watch?v=2LoFTP7pT5A',
                                                                                                      {   'likes': {   'downs': 3,
                                                                                                                       'ups': 50},
                                                                                                          'views': 128477})]},
    'http://www.bemytravelmuse.com/the-10-best-places-in-southeast-asia-for-solo-travelers/': {   'images': {   'total': 76,
                                                                                                                'with alt': 75},
                                                                                                  'youtube': [   ]},
    'http://www.bunbunmakeuptips.com/lifelong-dream-hairless-right-places-fulfilled-ginza-calla-hair-removal-specialist/': {   'images': {   'total': 50,
                                                                                                                                             'with alt': 47},
                                                                                                                               'youtube': [   ]},
    'http://www.businessinsider.sg/the-best-things-to-do-in-singapore-2015-9/': {   'images': {   'total': 32,
                                                                                                  'with alt': 7},
                                                                                    'youtube': [   ]},
    'http://www.businesstimes.com.sg/lifestyle/arts-entertainment/cycling-into-the-hearts-of-singapore': {   'images': {   'total': 14,
                                                                                                                           'with alt': 1},
                                                                                                             'youtube': [   ]},
    'http://www.camouflage-kids.com/products/my-aunt-is-my-bff-romper-red': {   'images': {   'total': 26,
                                                                                              'with alt': 11},
                                                                                'youtube': [   ]},
    'http://www.changiairport.com/en/shop-and-dine/tips-and-stories.html': {   'images': {   'total': 26,
                                                                                             'with alt': 26},
                                                                               'youtube': [   ]},
    'http://www.channelnewsasia.com/news/specialreports/rememberingleekuanyew/lee-kuan-yew-meant-a-lot/1750372.html': {   'images': {   'total': 7,
                                                                                                                                        'with alt': 3},
                                                                                                                          'youtube': [   ]},
    'http://www.cleo.com.sg/life/you/5-times-you-think-your-bff-your-worst-enemy/': {   'images': {   'total': 41,
                                                                                                      'with alt': 37},
                                                                                        'youtube': [   ]},
    'http://www.expatliving.sg/kids/growing_up/10-fun-things-for-teenagers-to-do-in-Singapore-6299.ece': {   'images': {   'total': 85,
                                                                                                                           'with alt': 84},
                                                                                                             'youtube': [   ]},
    'http://www.expedia.com.sg/vc/cheap-flights/to-nebraska-usa/': {   'images': {   'total': 1,
                                                                                     'with alt': 1},
                                                                       'youtube': [   ]},
    'http://www.harpersbazaar.com.sg/24347/spa-awards-2016-best-spa-experiences/': {   'images': {   'total': 20,
                                                                                                     'with alt': 16},
                                                                                       'youtube': [   ]},
    'http://www.havehalalwilltravel.com/blog/travel-the-world-at-these-4-international-halal-eateries-in-singapore/': {   'images': {   'total': 36,
                                                                                                                                        'with alt': 35},
                                                                                                                          'youtube': [   (   u'https://www.youtube.com/watch?v=X6pxQJZNPdo?rel=0',
                                                                                                                                             {   'likes': {   'downs': 1,
                                                                                                                                                              'ups': 27},
                                                                                                                                                 'views': 3669}),
                                                                                                                                         (   u'http://www.youtube.com/watch?v=4qsGTXLnmKs',
                                                                                                                                             {   'likes': {   'downs': 151,
                                                                                                                                                              'ups': 8930},
                                                                                                                                                 'views': 1827724})]},
    'http://www.herworldplus.com/lifestyle/travel/why-most-singapore-women-wont-travel-their-bffs': {   'images': {   'total': 55,
                                                                                                                      'with alt': 6},
                                                                                                        'youtube': [   ]},
    'http://www.hey.ntu.edu.sg/issue23/features_06_s2.html': {   'images': {   'total': 30,
                                                                               'with alt': 4},
                                                                 'youtube': [   ]},
    'http://www.hungrygowhere.com/singapore/batter_fluffy_flaps/': {   'images': {   'total': 39,
                                                                                     'with alt': 29},
                                                                       'youtube': [   ]},
    'http://www.imandystorm.com/2012/04/universal-studios-with-bffs.html': {   'images': {   'total': 32,
                                                                                             'with alt': 16},
                                                                               'youtube': [   (   u'http://www.youtube.com/watch?v=M3dR9fjbjOU',
                                                                                                  {   'likes': {   'downs': 0,
                                                                                                                   'ups': 3},
                                                                                                      'views': 2180})]},
    'http://www.johortransport.com/my-visit-to-hello-kitty-land/': {   'images': {   'total': 10,
                                                                                     'with alt': 7},
                                                                       'youtube': [   ]},
    'http://www.ladyironchef.com/2012/04/top-5-most-popular-posts/': {   'images': {   'total': 8,
                                                                                       'with alt': 8},
                                                                         'youtube': [   ]},
    'http://www.lazada.sg/shop-babies-diaper-bags/': {   'images': {   'total': 188,
                                                                       'with alt': 35},
                                                         'youtube': []},
    'http://www.madpsychmum.com/2015/07/a-staycation-of-birthdays-graduations.html': {   'images': {   'total': 81,
                                                                                                       'with alt': 39},
                                                                                         'youtube': [   ]},
    'http://www.mariefranceasia.com/travel/now-or-never/destinations/girlfriend-getaways-weekend-spa-destinations-bff-133637.html': {   'images': {   'total': 71,
                                                                                                                                                      'with alt': 70},
                                                                                                                                        'youtube': [   ]},
    'http://www.maternityexchange.sg/index.php?cPath=21_54': {   'images': {   'total': 0,
                                                                               'with alt': 0},
                                                                 'youtube': [   ]},
    'http://www.nadnut.com/': {   'images': {   'total': 82, 'with alt': 61},
                                  'youtube': []},
    'http://www.newschannel.sg/5-fun-and-exciting-things-to-do-with-your-bff/': {   'images': {   'total': 5,
                                                                                                  'with alt': 5},
                                                                                    'youtube': [   ]},
    'http://www.ninjagirls.sg/2016/08/tokyo-holiday-with-bff-tsubaki-visited.html': {   'images': {   'total': 0,
                                                                                                      'with alt': 0},
                                                                                        'youtube': [   ]},
    'http://www.pandora.net/en-sg/products/charms': {   'images': {   'total': 2,
                                                                      'with alt': 1},
                                                        'youtube': []},
    'http://www.pinkypiggu.com/2015/01/comcrop-scape-singapores-first-rooftop.html': {   'images': {   'total': 21,
                                                                                                       'with alt': 2},
                                                                                         'youtube': [   ]},
    'http://www.pupsikstudio.com/shop-by-brands/ju-ju-be': {   'images': {   'total': 88,
                                                                             'with alt': 87},
                                                               'youtube': []},
    'http://www.rucksackinn.com/truly-singapore/': {   'images': {   'total': 12,
                                                                     'with alt': 9},
                                                       'youtube': []},
    'http://www.sassysingapore.com/5-best-hotels-in-singapore-for-year-end-staycations/': {   'images': {   'total': 30,
                                                                                                            'with alt': 30},
                                                                                              'youtube': [   ]},
    'http://www.sens.com.sg/': {   'images': {   'total': 30, 'with alt': 30},
                                   'youtube': []},
    'http://www.seriouslysarah.com/blog/2012/04/16/the-nike-bff-5k-run-singapore/': {   'images': {   'total': 23,
                                                                                                      'with alt': 23},
                                                                                        'youtube': [   (   u'http://www.youtube.com/watch?v=UDj2rwZ8W0o?rel=0',
                                                                                                           IndexError('list index out of range',)),
                                                                                                       (   u'http://www.youtube.com/watch?v=y18s7sd6Hxo?rel=0',
                                                                                                           IndexError('list index out of range',))]},
    'http://www.sp.edu.sg/': {   'images': {   'total': 28, 'with alt': 22},
                                 'youtube': []},
    u'http://www.spca.org.sg/services.asp?cat=0&view=ALL': {   'images': {   'total': 0,
                                                                             'with alt': 0},
                                                               'youtube': []},
    'http://www.sph.com.sg/media_releases/2103': {   'images': {   'total': 6,
                                                                   'with alt': 5},
                                                     'youtube': []},
    'http://www.starhub.com/personal/articles/app-app-is-the-bff-of-every-school-kid.html': {   'images': {   'total': 30,
                                                                                                              'with alt': 8},
                                                                                                'youtube': [   ]},
    'http://www.straitstimes.com/singapore/style-pals': HTTPError(),
    'http://www.thefinder.com.sg/body-soul/spas-salons/5-great-spas-leave-your-worries-behind': {   'images': {   'total': 12,
                                                                                                                  'with alt': 12},
                                                                                                    'youtube': [   ]},
    'http://www.tnp.sg/m/makan/taylor-swift-you-should-try-these-singapore-food-places': {   'images': {   'total': 10,
                                                                                                           'with alt': 9},
                                                                                             'youtube': [   ]},
    'http://www.todayonline.com/lifestyle/why-singapore-still-uncomfortable-breastfeeding': {   'images': {   'total': 30,
                                                                                                              'with alt': 16},
                                                                                                'youtube': [   ]},
    'http://www.travelandleisureasia.com/toplists/2343417/25_inspired_weekend_getaways_in_asia.html': {   'images': {   'total': 37,
                                                                                                                        'with alt': 36},
                                                                                                          'youtube': [   ]},
    'http://www.uncletehpeng.com/2013/08/my-experience-at-batter-fluffy-flaps.html': {   'images': {   'total': 33,
                                                                                                       'with alt': 14},
                                                                                         'youtube': [   ]},
    'http://www.urbandoll.com.sg/my-22nd-birthday-celebration-part-1/': {   'images': {   'total': 86,
                                                                                          'with alt': 81},
                                                                            'youtube': [   ]},
    'http://www.vivocity.com.sg/post?id=20': HTTPError(),
    'http://www.watsons.com.sg/Default-Preview-Brand/All-Brands/SILKYGIRL/c/SILKYGIRL': {   'images': {   'total': 24,
                                                                                                          'with alt': 22},
                                                                                            'youtube': [   ]},
    'http://www.womensweekly.com.sg/health/how-your-bffs-can-help-you-lose-weight/': {   'images': {   'total': 16,
                                                                                                       'with alt': 15},
                                                                                         'youtube': [   ]},
    'http://yqtravelling.com/book-review-adventures-of-2-girls/': HTTPError(),
    'https://alvinology.com/2015/04/22/the-top-bloggers-and-blog-sites-in-singapore/': {   'images': {   'total': 122,
                                                                                                         'with alt': 137},
                                                                                           'youtube': [   ]},
    u'https://books.google.com.sg/books?id=-bsVBQAAQBAJ&pg=PT118&lpg=PT118&dq=singapore+interesting+place+to+go+with+bffs&source=bl&ots=VIvBRZrDv1&sig=wSO3k2TEQcKJlH7C_S3qRSq3CoI&hl=en&sa=X&ved=0ahUKEwjt-ob_od_PAhUKQ48KHRkND_0Q6AEItQMwQQ': {   'images': {   'total': 10,
                                                                                                                                                                                                                                                                  'with alt': 12},
                                                                                                                                                                                                                                                    'youtube': [   ]},
    u'https://books.google.com.sg/books?id=eSnhBQAAQBAJ&pg=PA139&lpg=PA139&dq=singapore+interesting+place+to+go+with+bffs&source=bl&ots=YybTjvdASN&sig=2ZHJKKW8TuHbdtZxGq-jpPnmO4A&hl=en&sa=X&ved=0ahUKEwjt-ob_od_PAhUKQ48KHRkND_0Q6AEIygMwRQ': {   'images': {   'total': 0,
                                                                                                                                                                                                                                                                  'with alt': 0},
                                                                                                                                                                                                                                                    'youtube': [   ]},
    'https://en.wikipedia.org/wiki/Star_Awards_2016': {   'images': {   'total': 3,
                                                                        'with alt': 3},
                                                          'youtube': []},
    'https://foursquare.com/v/bff-household/55facbfc498e25445d2c1a01': {   'images': {   'total': 24,
                                                                                         'with alt': 9},
                                                                           'youtube': [   ]},
    'https://glints.sg/hired/across-achingly-beautiful-singapore-1000/': {   'images': {   'total': 17,
                                                                                           'with alt': 17},
                                                                             'youtube': [   ]},
    'https://irene-travelogue.com/2011/11/17/best-friends-forever-phuket-day-1/': BadStatusLine("''",),
    'https://malcolmsunny.com/2014/06/30/treehouse-villas-changi-foodpanda-food-delivery/': BadStatusLine("''",),
    'https://sg.kidlander.com/highlights/places-to-get-your-pancake-fix/': {   'images': {   'total': 25,
                                                                                             'with alt': 11},
                                                                               'youtube': [   ]},
    'https://sg.news.yahoo.com/money-tips-ever-spending-bff-010935241.html': {   'images': {   'total': 3,
                                                                                               'with alt': 2},
                                                                                 'youtube': [   ]},
    'https://sg.theasianparent.com/insta-worthy-places-singapore/': {   'images': {   'total': 141,
                                                                                      'with alt': 105},
                                                                        'youtube': [   (   u'https://www.youtube.com/watch?v=501sZr0UxHE',
                                                                                           {   'likes': {   'downs': 0,
                                                                                                            'ups': 4},
                                                                                               'views': 1013}),
                                                                                       (   u'https://www.youtube.com/watch?v=U853i9ptcbk',
                                                                                           {   'likes': {   'downs': 1,
                                                                                                            'ups': 5},
                                                                                               'views': 2218}),
                                                                                       (   u'http://www.youtube.com/watch?v=mLEx_hYB-MI',
                                                                                           {   'likes': {   'downs': 3,
                                                                                                            'ups': 53},
                                                                                               'views': 4843})]},
    'https://theamazingmingfreakrs.wordpress.com/2013/07/20/mini-blog-update-bff-zakka-store/': BadStatusLine("''",),
    'https://www.airbnb.com.sg/users/show/34083575': {   'images': {   'total': 0,
                                                                       'with alt': 0},
                                                         'youtube': []},
    'https://www.breastfeedingfriends.sg/news/': {   'images': {   'total': 23,
                                                                   'with alt': 23},
                                                     'youtube': []},
    'https://www.burpple.com/guides/sg': {   'images': {   'total': 237,
                                                           'with alt': 237},
                                             'youtube': []},
    'https://www.cheapflights.com.sg/news/50-cheap-things-to-do-with-your-best-friend-in-singapore/': {   'images': {   'total': 12,
                                                                                                                        'with alt': 12},
                                                                                                          'youtube': [   ]},
    'https://www.facebook.com/bestfriesforever/': {   'images': {   'total': 77,
                                                                    'with alt': 77},
                                                      'youtube': []},
    'https://www.foodpanda.sg/restaurant/s2gf/4fingers-crispy-chicken': {   'images': {   'total': 51,
                                                                                          'with alt': 50},
                                                                            'youtube': [   ]},
    'https://www.meetup.com/cities/sg/singapore/': {   'images': {   'total': 2,
                                                                     'with alt': 2},
                                                       'youtube': []},
    'https://www.nlb.gov.sg/Browse/SingaporeBooksforChildrenandTeens/UpperSecondaryStudents(Secondary3-5).aspx': {   'images': {   'total': 38,
                                                                                                                                   'with alt': 38},
                                                                                                                     'youtube': [   ]},
    'https://www.quandoo.sg/place/shiraz-authentic-persian-cuisine-restaurant-10599': {   'images': {   'total': 15,
                                                                                                        'with alt': 2},
                                                                                          'youtube': [   ]},
    'https://www.shopback.sg/blog/post/5-great-things-about-having-bffs': {   'images': {   'total': 21,
                                                                                            'with alt': 9},
                                                                              'youtube': [   ]},
    'https://www.spreadshirt.com/best+friends+t-shirts': {   'images': {   'total': 48,
                                                                           'with alt': 47},
                                                             'youtube': []},
    'https://www.techinasia.com/mate-ai-india-startup': {   'images': {   'total': 0,
                                                                          'with alt': 0},
                                                            'youtube': []},
    'https://www.tripadvisor.co.uk/ShowUserReviews-g294265-d301581-r394923717-Fairmont_Singapore-Singapore.html': {   'images': {   'total': 143,
                                                                                                                                    'with alt': 114},
                                                                                                                      'youtube': [   ]},
    'https://www.tripadvisor.com.sg/ShowUserReviews-g294265-d2389880-r336540689-Toby_s_Estate-Singapore.html': {   'images': {   'total': 113,
                                                                                                                                 'with alt': 90},
                                                                                                                   'youtube': [   ]},
    'https://www.tripadvisor.com/ShowUserReviews-g294265-d2389880-r336540689-Toby_s_Estate-Singapore.html': {   'images': {   'total': 0,
                                                                                                                              'with alt': 0},
                                                                                                                'youtube': [   ]},
    'https://www.tripzilla.com/outing-ideas-singapore-under-sgd20/23400': {   'images': {   'total': 72,
                                                                                            'with alt': 37},
                                                                              'youtube': [   (   u'https://www.youtube.com/watch?v=hwk6WuqmXQA',
                                                                                                 {   'likes': {   'downs': 1,
                                                                                                                  'ups': 7},
                                                                                                     'views': 5878})]},
    'https://www.youth.sg/Peek-Show/2016/3/The-four-types-of-politicians-we-saw-at-the-Singapore-Budget-2016': {   'images': {   'total': 16,
                                                                                                                                 'with alt': 13},
                                                                                                                   'youtube': [   ]}}
