(   '1 / 10',
    u'https://www.google.com/url?q=http://mashable.com/2015/05/12/best-a-capella-covers/&sa=U&ved=0ahUKEwix_dvFhvLSAhXJtRoKHZGpDJoQFggTMAA&usg=AFQjCNGse6bu8BO-TcxjCwgMp7i4g0ABTA',
    {   'images': {   'total': 12, 'with alt': 11}, 'youtube': []})
(   '2 / 10',
    u'https://www.google.com/url?q=https://www.youtube.com/watch%3Fv%3DEAdkXioIt9Y&sa=U&ved=0ahUKEwix_dvFhvLSAhXJtRoKHZGpDJoQtwIIGzAB&usg=AFQjCNGVhUmEvLIqRVlRUY58Z0RPa3PQYA',
    {   'images': {   'total': 23, 'with alt': 22}, 'youtube': []})
(   '3 / 10',
    u'https://www.google.com/url?q=http://www.salon.com/2014/02/08/the_11_best_a_cappella_songs_of_all_time/&sa=U&ved=0ahUKEwix_dvFhvLSAhXJtRoKHZGpDJoQFggeMAI&usg=AFQjCNH-lOzsrJDJFtiydCKaOs6oKl3b7g',
    {   'images': {   'total': 27, 'with alt': 13},
        'youtube': [   (   u'http://www.youtube.com/watch?v=NnWhThoW8N0',
                           {   'likes': {   'downs': 1, 'ups': 144},
                               'views': 50245}),
                       (   u'http://www.youtube.com/watch?v=3Wpg6J9jE6Q',
                           {   'likes': {   'downs': 1, 'ups': 65},
                               'views': 28847}),
                       (   u'http://www.youtube.com/watch?v=Zchl6cdngCk',
                           KeyError('likes',)),
                       (   u'http://www.youtube.com/watch?v=BkM47XVKby8',
                           {   'likes': {   'downs': 1, 'ups': 14},
                               'views': 12970}),
                       (   u'http://www.youtube.com/watch?v=133VkcWP6v8',
                           KeyError('likes',)),
                       (   u'http://www.youtube.com/watch?v=d4uF7AfkXAU',
                           {   'likes': {   'downs': 1, 'ups': 26},
                               'views': 12998}),
                       (   u'http://www.youtube.com/watch?v=KvL1DG4wlHU',
                           {   'likes': {   'downs': 0, 'ups': 69},
                               'views': 23440}),
                       (   u'http://www.youtube.com/watch?v=DAKSwoWIM9I',
                           {   'likes': {   'downs': 51, 'ups': 1537},
                               'views': 261259}),
                       (   u'http://www.youtube.com/watch?v=uuT-2-8dPXU',
                           KeyError('likes',)),
                       (   u'http://www.youtube.com/watch?v=H0t2fn1Q6kA',
                           {   'likes': {   'downs': 1, 'ups': 33},
                               'views': 16070})]})
(   '4 / 10',
    u'https://www.google.com/url?q=http://www.fuse.tv/2014/04/a-cappella-groups-best-youtube&sa=U&ved=0ahUKEwix_dvFhvLSAhXJtRoKHZGpDJoQFgglMAM&usg=AFQjCNE0NY09QoHcWhek2Dx1o4BxIPj22Q',
    {   'images': {   'total': 19, 'with alt': 10}, 'youtube': []})
(   '5 / 10',
    u'https://www.google.com/url?q=http://www.stuff.tv/sg/features/10-youtube-acapella-acts-you-shouldnt-miss&sa=U&ved=0ahUKEwix_dvFhvLSAhXJtRoKHZGpDJoQFggsMAQ&usg=AFQjCNGgGhpoTIk1_XgRJyn1uT5567fQdQ',
    {   'images': {   'total': 34, 'with alt': 34},
        'youtube': [   (   u'https://www.youtube.com/watch?v=3MteSlpxCpo?wmode=opaque',
                           {   'likes': {   'downs': 70334, 'ups': 2280038},
                               'views': 237466370})]})
(   '6 / 10',
    u'https://www.google.com/url?q=http://www.ranker.com/list/a-cappella-bands-and-musicians/reference&sa=U&ved=0ahUKEwix_dvFhvLSAhXJtRoKHZGpDJoQFggzMAU&usg=AFQjCNGeslQXQ81vu24CAV85ekcWkbbnug',
    {   'images': {   'total': 101, 'with alt': 51}, 'youtube': []})
(   '7 / 10',
    u'https://www.google.com/url?q=http://www.buzzfeed.com/ryanbautista/20-acapella-videos-that-are-truly-masterpieces-15ms2&sa=U&ved=0ahUKEwix_dvFhvLSAhXJtRoKHZGpDJoQFgg5MAY&usg=AFQjCNHjNCGszywIwUyWUbXNIsiyKiDdHA',
    {   'images': {   'total': 117, 'with alt': 28}, 'youtube': []})
(   '8 / 10',
    u'https://www.google.com/url?q=https://en.wikipedia.org/wiki/Best_A_Cappella&sa=U&ved=0ahUKEwix_dvFhvLSAhXJtRoKHZGpDJoQFghAMAc&usg=AFQjCNFdN4rqBygh3Uz3r5lJ30aL2OUY1w',
    {   'images': {   'total': 4, 'with alt': 4}, 'youtube': []})
(   '9 / 10',
    u'https://www.google.com/url?q=https://www.theguardian.com/technology/2015/nov/27/the-internet-is-obsessed-with-this-new-acapella-app&sa=U&ved=0ahUKEwix_dvFhvLSAhXJtRoKHZGpDJoQFghGMAg&usg=AFQjCNG5-SeX5ntO8dTtklviYeCZupqfSQ',
    {   'images': {   'total': 12, 'with alt': 11},
        'youtube': [   (   u'https://www.youtube.com/watch?v=Nj6FLunyGAc?wmode=opaque&feature=oembed',
                           {   'likes': {   'downs': 96, 'ups': 10073},
                               'views': 256633})]})
(   '10 / 10',
    u'https://www.google.com/url?q=http://www.collegemagazine.com/10-female-groups-running-cappella-world/&sa=U&ved=0ahUKEwix_dvFhvLSAhXJtRoKHZGpDJoQFghJMAk&usg=AFQjCNHXbdvcl33jLmNJmu4SrCjju-MYMw',
    {   'images': {   'total': 32, 'with alt': 33},
        'youtube': [   (   u'https://www.youtube.com/watch?v=ENy13L6fQNc?feature=oembed',
                           {   'likes': {   'downs': 0, 'ups': 24},
                               'views': 6710}),
                       (   u'https://www.youtube.com/watch?v=5Dsdk2ZT5jI?feature=oembed',
                           {   'likes': {   'downs': 40, 'ups': 4252},
                               'views': 553891}),
                       (   u'https://www.youtube.com/watch?v=Fv156wvxYqM?feature=oembed',
                           {   'likes': {   'downs': 1, 'ups': 44},
                               'views': 8856}),
                       (   u'https://www.youtube.com/watch?v=4ahZKKIZTic?feature=oembed',
                           {   'likes': {   'downs': 0, 'ups': 0}, 'views': 3709}),
                       (   u'https://www.youtube.com/watch?v=pXWiebv_1tk?feature=oembed',
                           {   'likes': {   'downs': 2, 'ups': 105},
                               'views': 12602}),
                       (   u'https://www.youtube.com/watch?v=RHi2fXZPSIw?feature=oembed',
                           {   'likes': {   'downs': 178, 'ups': 4226},
                               'views': 305731}),
                       (   u'https://www.youtube.com/watch?v=qG8nEIjkZ5E?feature=oembed',
                           {   'likes': {   'downs': 0, 'ups': 12},
                               'views': 3957}),
                       (   u'https://www.youtube.com/watch?v=8nuLE7oxWFo?feature=oembed',
                           {   'likes': {   'downs': 0, 'ups': 3}, 'views': 4605}),
                       (   u'https://www.youtube.com/watch?v=JJfUIG6NPnM?feature=oembed',
                           {   'likes': {   'downs': 0, 'ups': 4}, 'views': 4604}),
                       (   u'https://www.youtube.com/watch?v=3CliL-Mt-PY?feature=oembed',
                           {   'likes': {   'downs': 0, 'ups': 10},
                               'views': 6468})]})
{   u'https://www.google.com/url?q=http://mashable.com/2015/05/12/best-a-capella-covers/&sa=U&ved=0ahUKEwix_dvFhvLSAhXJtRoKHZGpDJoQFggTMAA&usg=AFQjCNGse6bu8BO-TcxjCwgMp7i4g0ABTA': {   'images': {   'total': 12,
                                                                                                                                                                                                      'with alt': 11},
                                                                                                                                                                                        'youtube': [   ]},
    u'https://www.google.com/url?q=http://www.buzzfeed.com/ryanbautista/20-acapella-videos-that-are-truly-masterpieces-15ms2&sa=U&ved=0ahUKEwix_dvFhvLSAhXJtRoKHZGpDJoQFgg5MAY&usg=AFQjCNHjNCGszywIwUyWUbXNIsiyKiDdHA': {   'images': {   'total': 117,
                                                                                                                                                                                                                                          'with alt': 28},
                                                                                                                                                                                                                            'youtube': [   ]},
    u'https://www.google.com/url?q=http://www.collegemagazine.com/10-female-groups-running-cappella-world/&sa=U&ved=0ahUKEwix_dvFhvLSAhXJtRoKHZGpDJoQFghJMAk&usg=AFQjCNHXbdvcl33jLmNJmu4SrCjju-MYMw': {   'images': {   'total': 32,
                                                                                                                                                                                                                        'with alt': 33},
                                                                                                                                                                                                          'youtube': [   (   u'https://www.youtube.com/watch?v=ENy13L6fQNc?feature=oembed',
                                                                                                                                                                                                                             {   'likes': {   'downs': 0,
                                                                                                                                                                                                                                              'ups': 24},
                                                                                                                                                                                                                                 'views': 6710}),
                                                                                                                                                                                                                         (   u'https://www.youtube.com/watch?v=5Dsdk2ZT5jI?feature=oembed',
                                                                                                                                                                                                                             {   'likes': {   'downs': 40,
                                                                                                                                                                                                                                              'ups': 4252},
                                                                                                                                                                                                                                 'views': 553891}),
                                                                                                                                                                                                                         (   u'https://www.youtube.com/watch?v=Fv156wvxYqM?feature=oembed',
                                                                                                                                                                                                                             {   'likes': {   'downs': 1,
                                                                                                                                                                                                                                              'ups': 44},
                                                                                                                                                                                                                                 'views': 8856}),
                                                                                                                                                                                                                         (   u'https://www.youtube.com/watch?v=4ahZKKIZTic?feature=oembed',
                                                                                                                                                                                                                             {   'likes': {   'downs': 0,
                                                                                                                                                                                                                                              'ups': 0},
                                                                                                                                                                                                                                 'views': 3709}),
                                                                                                                                                                                                                         (   u'https://www.youtube.com/watch?v=pXWiebv_1tk?feature=oembed',
                                                                                                                                                                                                                             {   'likes': {   'downs': 2,
                                                                                                                                                                                                                                              'ups': 105},
                                                                                                                                                                                                                                 'views': 12602}),
                                                                                                                                                                                                                         (   u'https://www.youtube.com/watch?v=RHi2fXZPSIw?feature=oembed',
                                                                                                                                                                                                                             {   'likes': {   'downs': 178,
                                                                                                                                                                                                                                              'ups': 4226},
                                                                                                                                                                                                                                 'views': 305731}),
                                                                                                                                                                                                                         (   u'https://www.youtube.com/watch?v=qG8nEIjkZ5E?feature=oembed',
                                                                                                                                                                                                                             {   'likes': {   'downs': 0,
                                                                                                                                                                                                                                              'ups': 12},
                                                                                                                                                                                                                                 'views': 3957}),
                                                                                                                                                                                                                         (   u'https://www.youtube.com/watch?v=8nuLE7oxWFo?feature=oembed',
                                                                                                                                                                                                                             {   'likes': {   'downs': 0,
                                                                                                                                                                                                                                              'ups': 3},
                                                                                                                                                                                                                                 'views': 4605}),
                                                                                                                                                                                                                         (   u'https://www.youtube.com/watch?v=JJfUIG6NPnM?feature=oembed',
                                                                                                                                                                                                                             {   'likes': {   'downs': 0,
                                                                                                                                                                                                                                              'ups': 4},
                                                                                                                                                                                                                                 'views': 4604}),
                                                                                                                                                                                                                         (   u'https://www.youtube.com/watch?v=3CliL-Mt-PY?feature=oembed',
                                                                                                                                                                                                                             {   'likes': {   'downs': 0,
                                                                                                                                                                                                                                              'ups': 10},
                                                                                                                                                                                                                                 'views': 6468})]},
    u'https://www.google.com/url?q=http://www.fuse.tv/2014/04/a-cappella-groups-best-youtube&sa=U&ved=0ahUKEwix_dvFhvLSAhXJtRoKHZGpDJoQFgglMAM&usg=AFQjCNE0NY09QoHcWhek2Dx1o4BxIPj22Q': {   'images': {   'total': 19,
                                                                                                                                                                                                          'with alt': 10},
                                                                                                                                                                                            'youtube': [   ]},
    u'https://www.google.com/url?q=http://www.ranker.com/list/a-cappella-bands-and-musicians/reference&sa=U&ved=0ahUKEwix_dvFhvLSAhXJtRoKHZGpDJoQFggzMAU&usg=AFQjCNGeslQXQ81vu24CAV85ekcWkbbnug': {   'images': {   'total': 101,
                                                                                                                                                                                                                    'with alt': 51},
                                                                                                                                                                                                      'youtube': [   ]},
    u'https://www.google.com/url?q=http://www.salon.com/2014/02/08/the_11_best_a_cappella_songs_of_all_time/&sa=U&ved=0ahUKEwix_dvFhvLSAhXJtRoKHZGpDJoQFggeMAI&usg=AFQjCNH-lOzsrJDJFtiydCKaOs6oKl3b7g': {   'images': {   'total': 27,
                                                                                                                                                                                                                          'with alt': 13},
                                                                                                                                                                                                            'youtube': [   (   u'http://www.youtube.com/watch?v=NnWhThoW8N0',
                                                                                                                                                                                                                               {   'likes': {   'downs': 1,
                                                                                                                                                                                                                                                'ups': 144},
                                                                                                                                                                                                                                   'views': 50245}),
                                                                                                                                                                                                                           (   u'http://www.youtube.com/watch?v=3Wpg6J9jE6Q',
                                                                                                                                                                                                                               {   'likes': {   'downs': 1,
                                                                                                                                                                                                                                                'ups': 65},
                                                                                                                                                                                                                                   'views': 28847}),
                                                                                                                                                                                                                           (   u'http://www.youtube.com/watch?v=Zchl6cdngCk',
                                                                                                                                                                                                                               KeyError('likes',)),
                                                                                                                                                                                                                           (   u'http://www.youtube.com/watch?v=BkM47XVKby8',
                                                                                                                                                                                                                               {   'likes': {   'downs': 1,
                                                                                                                                                                                                                                                'ups': 14},
                                                                                                                                                                                                                                   'views': 12970}),
                                                                                                                                                                                                                           (   u'http://www.youtube.com/watch?v=133VkcWP6v8',
                                                                                                                                                                                                                               KeyError('likes',)),
                                                                                                                                                                                                                           (   u'http://www.youtube.com/watch?v=d4uF7AfkXAU',
                                                                                                                                                                                                                               {   'likes': {   'downs': 1,
                                                                                                                                                                                                                                                'ups': 26},
                                                                                                                                                                                                                                   'views': 12998}),
                                                                                                                                                                                                                           (   u'http://www.youtube.com/watch?v=KvL1DG4wlHU',
                                                                                                                                                                                                                               {   'likes': {   'downs': 0,
                                                                                                                                                                                                                                                'ups': 69},
                                                                                                                                                                                                                                   'views': 23440}),
                                                                                                                                                                                                                           (   u'http://www.youtube.com/watch?v=DAKSwoWIM9I',
                                                                                                                                                                                                                               {   'likes': {   'downs': 51,
                                                                                                                                                                                                                                                'ups': 1537},
                                                                                                                                                                                                                                   'views': 261259}),
                                                                                                                                                                                                                           (   u'http://www.youtube.com/watch?v=uuT-2-8dPXU',
                                                                                                                                                                                                                               KeyError('likes',)),
                                                                                                                                                                                                                           (   u'http://www.youtube.com/watch?v=H0t2fn1Q6kA',
                                                                                                                                                                                                                               {   'likes': {   'downs': 1,
                                                                                                                                                                                                                                                'ups': 33},
                                                                                                                                                                                                                                   'views': 16070})]},
    u'https://www.google.com/url?q=http://www.stuff.tv/sg/features/10-youtube-acapella-acts-you-shouldnt-miss&sa=U&ved=0ahUKEwix_dvFhvLSAhXJtRoKHZGpDJoQFggsMAQ&usg=AFQjCNGgGhpoTIk1_XgRJyn1uT5567fQdQ': {   'images': {   'total': 34,
                                                                                                                                                                                                                           'with alt': 34},
                                                                                                                                                                                                             'youtube': [   (   u'https://www.youtube.com/watch?v=3MteSlpxCpo?wmode=opaque',
                                                                                                                                                                                                                                {   'likes': {   'downs': 70334,
                                                                                                                                                                                                                                                 'ups': 2280038},
                                                                                                                                                                                                                                    'views': 237466370})]},
    u'https://www.google.com/url?q=https://en.wikipedia.org/wiki/Best_A_Cappella&sa=U&ved=0ahUKEwix_dvFhvLSAhXJtRoKHZGpDJoQFghAMAc&usg=AFQjCNFdN4rqBygh3Uz3r5lJ30aL2OUY1w': {   'images': {   'total': 4,
                                                                                                                                                                                              'with alt': 4},
                                                                                                                                                                                'youtube': [   ]},
    u'https://www.google.com/url?q=https://www.theguardian.com/technology/2015/nov/27/the-internet-is-obsessed-with-this-new-acapella-app&sa=U&ved=0ahUKEwix_dvFhvLSAhXJtRoKHZGpDJoQFghGMAg&usg=AFQjCNG5-SeX5ntO8dTtklviYeCZupqfSQ': {   'images': {   'total': 12,
                                                                                                                                                                                                                                                       'with alt': 11},
                                                                                                                                                                                                                                         'youtube': [   (   u'https://www.youtube.com/watch?v=Nj6FLunyGAc?wmode=opaque&feature=oembed',
                                                                                                                                                                                                                                                            {   'likes': {   'downs': 96,
                                                                                                                                                                                                                                                                             'ups': 10073},
                                                                                                                                                                                                                                                                'views': 256633})]},
    u'https://www.google.com/url?q=https://www.youtube.com/watch%3Fv%3DEAdkXioIt9Y&sa=U&ved=0ahUKEwix_dvFhvLSAhXJtRoKHZGpDJoQtwIIGzAB&usg=AFQjCNGVhUmEvLIqRVlRUY58Z0RPa3PQYA': {   'images': {   'total': 23,
                                                                                                                                                                                                 'with alt': 22},
                                                                                                                                                                                   'youtube': [   ]}}
